2026-04-28 16:29:03 [INFO] Registro guardado correctamente en data/registros.json
2026-04-28 16:32:33 [INFO] Registro guardado correctamente en C:\Users\JUAN\AppData\Local\Temp\pytest-of-JUAN\pytest-29\test_append_success0\test_data.json
2026-04-28 16:32:33 [INFO] Registro guardado correctamente en C:\Users\JUAN\AppData\Local\Temp\pytest-of-JUAN\pytest-29\test_append_duplicate0\test_data.json
2026-04-28 16:32:33 [INFO] Registro guardado correctamente en C:\Users\JUAN\AppData\Local\Temp\pytest-of-JUAN\pytest-29\test_append_duplicate0\test_data.json
2026-04-28 16:34:44 [INFO] Registro guardado correctamente en C:\Users\JUAN\AppData\Local\Temp\pytest-of-JUAN\pytest-30\test_append_success0\test_data.json
2026-04-28 16:34:44 [INFO] Registro guardado correctamente en C:\Users\JUAN\AppData\Local\Temp\pytest-of-JUAN\pytest-30\test_append_duplicate0\test_data.json
2026-04-28 16:35:28 [INFO] Registro guardado correctamente en C:\Users\JUAN\AppData\Local\Temp\pytest-of-JUAN\pytest-31\test_append_success0\test_data.json
2026-04-28 16:35:28 [INFO] Registro guardado correctamente en C:\Users\JUAN\AppData\Local\Temp\pytest-of-JUAN\pytest-31\test_append_duplicate0\test_data.json
2026-04-28 16:42:03 [INFO] API Manual: Iniciando proceso de registro para estación 3121Q
2026-04-28 16:42:03 [INFO] Registro guardado correctamente en data/registros.json
2026-04-28 16:42:03 [INFO] API Manual: Registro guardado con éxito para 3121Q
2026-04-28 17:44:23 [INFO] Ubicacion establecida mediante GPS: 40.41, -3.70
2026-04-28 17:44:24 [INFO] Registro guardado correctamente en data/registros.json
2026-04-28 17:44:24 [INFO] Dato persistido correctamente: 51696924-68fd-4471-9546-0bdfcada833b
2026-04-28 18:01:15 [INFO] Ubicacion establecida mediante GPS: 40.4167, -3.7033
2026-04-28 18:01:16 [INFO] Registro guardado correctamente en data/registros.json
2026-04-28 18:01:16 [INFO] Dato persistido correctamente: 6f7a2139-5802-45d6-9588-672c18fdb588
2026-04-28 18:06:04 [INFO] Ubicacion establecida mediante GPS: 40.4167, -3.7033
2026-04-28 18:06:05 [INFO] Registro guardado correctamente en data/registros.json
2026-04-28 18:06:05 [INFO] Dato persistido correctamente: eb19ee46-5351-4685-bd02-e883b0e1a81c
2026-04-28 18:06:05 [INFO] Ubicacion establecida mediante GPS: 40.4167, -3.7033
2026-04-28 18:06:07 [INFO] Registro guardado correctamente en data/registros.json
2026-04-28 18:06:07 [INFO] Dato persistido correctamente: 48213b42-c34d-4797-ada1-34e10135c493
2026-04-28 18:06:07 [INFO] Ubicacion establecida mediante GPS: 40.4167, -3.7033
2026-04-28 18:06:08 [INFO] Registro guardado correctamente en data/registros.json
2026-04-28 18:06:08 [INFO] Dato persistido correctamente: 381c1ebe-75ca-494d-81a5-384a6302ff97
2026-04-28 18:06:26 [INFO] Ubicacion establecida mediante GPS: 40.4167, -3.7033
2026-04-28 18:06:27 [INFO] Registro guardado correctamente en data/registros.json
2026-04-28 18:06:27 [INFO] Dato persistido correctamente: c45df778-0448-4408-b791-ac9e3480673d
2026-04-28 18:07:10 [INFO] Ubicacion establecida mediante GPS: 40.4167, -3.7033
2026-04-28 18:07:11 [INFO] Registro guardado correctamente en data/registros.json
2026-04-28 18:07:11 [INFO] Dato persistido correctamente: 1ac6f99a-b0c9-4b7c-88af-31c7a4e3581d
2026-04-28 18:07:11 [INFO] Ubicacion establecida mediante GPS: 40.4167, -3.7033
2026-04-28 18:07:12 [INFO] Registro guardado correctamente en data/registros.json
2026-04-28 18:07:12 [INFO] Dato persistido correctamente: fbd4345b-8bf9-4150-8577-83e4a8482b17
2026-04-28 18:07:12 [INFO] Ubicacion establecida mediante GPS: 40.4167, -3.7033
2026-04-28 18:07:13 [INFO] Registro guardado correctamente en data/registros.json
2026-04-28 18:07:13 [INFO] Dato persistido correctamente: 07ea2933-766b-4803-aeb3-ae1a343ddb7c
2026-04-28 18:08:06 [INFO] Ubicacion establecida mediante GPS: 40.4167, -3.7033
2026-04-28 18:08:08 [INFO] Registro guardado correctamente en data/registros.json
2026-04-28 18:08:08 [INFO] Dato persistido correctamente: 09e763aa-063f-411a-83fd-cc571ae00c87
2026-04-28 18:09:56 [INFO] Ubicacion establecida mediante GPS: 40.4167, -3.7033
2026-04-28 18:09:57 [INFO] Ubicacion establecida mediante GPS: 40.4167, -3.7033
2026-04-28 18:09:57 [INFO] Registro guardado correctamente en data/registros.json
2026-04-28 18:09:57 [INFO] Dato persistido correctamente: 6f1a92a4-7af5-4838-9a08-b6aaaf29fb9a
2026-04-28 18:09:58 [INFO] Registro guardado correctamente en data/registros.json
2026-04-28 18:09:58 [INFO] Dato persistido correctamente: 180f6130-4784-41d3-be42-06036e6630b0
2026-04-28 18:09:58 [INFO] Ubicacion establecida mediante GPS: 40.4167, -3.7033
2026-04-28 18:09:59 [INFO] Registro guardado correctamente en data/registros.json
2026-04-28 18:09:59 [INFO] Dato persistido correctamente: 8363e711-06fe-46e4-aa2f-ad9069a05300
2026-04-28 18:17:14 [INFO] Ubicacion establecida mediante GPS: 40.4167, -3.7033
2026-04-28 18:17:14 [INFO] Ubicacion establecida mediante GPS: 40.4167, -3.7033
2026-04-28 18:17:14 [INFO] Ubicacion establecida mediante GPS: 40.4167, -3.7033
2026-04-28 18:17:14 [INFO] Ubicacion establecida mediante GPS: 40.4167, -3.7033
2026-04-28 18:17:14 [INFO] Ubicacion establecida mediante GPS: 40.4167, -3.7033
2026-04-28 18:17:14 [INFO] Ubicacion establecida mediante GPS: 40.4167, -3.7033
2026-04-28 18:17:14 [INFO] Ubicacion establecida mediante GPS: 40.4167, -3.7033
2026-04-28 18:17:15 [INFO] Ubicacion establecida mediante GPS: 40.4167, -3.7033
2026-04-28 18:17:15 [INFO] Ubicacion establecida mediante GPS: 40.4167, -3.7033
2026-04-28 18:17:15 [INFO] Ubicacion establecida mediante GPS: 40.4167, -3.7033
2026-04-28 18:17:15 [INFO] Ubicacion establecida mediante GPS: 40.4167, -3.7033
2026-04-28 18:17:15 [INFO] Ubicacion establecida mediante GPS: 40.4167, -3.7033
2026-04-28 18:17:15 [INFO] Ubicacion establecida mediante GPS: 40.4167, -3.7033
2026-04-28 18:17:15 [INFO] Registro guardado correctamente en data/registros.json
2026-04-28 18:17:15 [INFO] Dato persistido correctamente: e57e1eb2-a172-4b74-8c53-522c6133dd5e
2026-04-28 18:17:15 [INFO] Ubicacion establecida mediante GPS: 40.4167, -3.7033
2026-04-28 18:17:15 [INFO] Ubicacion establecida mediante GPS: 40.4167, -3.7033
2026-04-28 18:17:15 [INFO] Registro guardado correctamente en data/registros.json
2026-04-28 18:17:15 [INFO] Dato persistido correctamente: f9dcdb24-8b1a-4062-ac8f-cd8e89fb4b31
2026-04-28 18:17:15 [INFO] Ubicacion establecida mediante GPS: 40.4167, -3.7033
2026-04-28 18:17:15 [INFO] Ubicacion establecida mediante GPS: 40.4167, -3.7033
2026-04-28 18:17:15 [INFO] Registro guardado correctamente en data/registros.json
2026-04-28 18:17:15 [INFO] Dato persistido correctamente: 37d3beed-721d-42e3-b7e6-ab2dd4c8e1dd
2026-04-28 18:17:15 [INFO] Registro guardado correctamente en data/registros.json
2026-04-28 18:17:15 [INFO] Registro guardado correctamente en data/registros.json
2026-04-28 18:17:15 [INFO] Dato persistido correctamente: 74897413-4529-463d-bc75-a15f11dfc470
2026-04-28 18:17:15 [INFO] Dato persistido correctamente: 5ee7ec89-9f41-450a-ba99-f6b22b5909be
2026-04-28 18:17:16 [INFO] Registro guardado correctamente en data/registros.json
2026-04-28 18:17:16 [INFO] Dato persistido correctamente: 3592481b-3a12-4b3c-b351-91b1ac8dce00
2026-04-28 18:17:16 [INFO] Registro guardado correctamente en data/registros.json
2026-04-28 18:17:16 [INFO] Dato persistido correctamente: 4a8d80a9-9733-4de4-828b-1e0ac7a4f22e
2026-04-28 18:17:16 [INFO] Registro guardado correctamente en data/registros.json
2026-04-28 18:17:16 [INFO] Dato persistido correctamente: fa6f58e5-c586-4214-adb5-78d548d05ecc
2026-04-28 18:17:16 [INFO] Registro guardado correctamente en data/registros.json
2026-04-28 18:17:16 [INFO] Registro guardado correctamente en data/registros.json
2026-04-28 18:17:16 [INFO] Dato persistido correctamente: 5ec38587-4b8a-4cbf-b2be-912318d7c7f5
2026-04-28 18:17:16 [INFO] Dato persistido correctamente: dcff2c98-3132-4725-bc88-dcafde17009a
2026-04-28 18:17:16 [INFO] Registro guardado correctamente en data/registros.json
2026-04-28 18:17:16 [INFO] Dato persistido correctamente: 4520247d-3274-4325-8832-eb8fb9c56d05
2026-04-28 18:17:16 [INFO] Registro guardado correctamente en data/registros.json
2026-04-28 18:17:16 [INFO] Dato persistido correctamente: 40684e31-2b6a-40b9-8827-54d72efa3b91
2026-04-28 18:17:16 [INFO] Registro guardado correctamente en data/registros.json
2026-04-28 18:17:16 [INFO] Dato persistido correctamente: 4ec32db8-c62a-4e15-90c6-a08474ac4d40
2026-04-28 18:17:16 [ERROR] Error al guardar: 'str' object has no attribute 'get'
2026-04-28 18:17:16 [ERROR] Error al guardar en repositorio: 'str' object has no attribute 'get'
2026-04-28 18:17:16 [INFO] Registro guardado correctamente en data/registros.json
2026-04-28 18:17:16 [INFO] Dato persistido correctamente: 976ef1df-52c0-4dfa-8b6b-2663bb66072b
2026-04-28 18:17:17 [INFO] Registro guardado correctamente en data/registros.json
2026-04-28 18:17:17 [INFO] Dato persistido correctamente: 6350afda-65ad-44cb-8a36-4c4117812c11
2026-04-28 18:17:17 [INFO] Registro guardado correctamente en data/registros.json
2026-04-28 18:17:17 [INFO] Dato persistido correctamente: 28f631f3-d0e8-4032-952f-5fd6a3f69a0c
2026-04-28 18:17:17 [INFO] Ubicacion establecida mediante GPS: 40.4167, -3.7033
2026-04-28 18:17:18 [INFO] Registro guardado correctamente en data/registros.json
2026-04-28 18:17:18 [INFO] Dato persistido correctamente: 6738eeb8-01a8-4cfe-99de-16b1458f99be
2026-04-28 18:19:46 [INFO] Ubicacion establecida mediante GPS: 40.4167, -3.7033
2026-04-28 18:19:46 [INFO] Ubicacion establecida mediante GPS: 40.4167, -3.7033
2026-04-28 18:19:46 [INFO] Ubicacion establecida mediante GPS: 40.4167, -3.7033
2026-04-28 18:19:46 [INFO] Ubicacion establecida mediante GPS: 40.4167, -3.7033
2026-04-28 18:19:46 [INFO] Ubicacion establecida mediante GPS: 40.4167, -3.7033
2026-04-28 18:19:46 [INFO] Ubicacion establecida mediante GPS: 40.4167, -3.7033
2026-04-28 18:19:46 [INFO] Ubicacion establecida mediante GPS: 40.4167, -3.7033
2026-04-28 18:19:46 [INFO] Ubicacion establecida mediante GPS: 40.4167, -3.7033
2026-04-28 18:19:47 [INFO] Registro guardado correctamente en data/registros.json
2026-04-28 18:19:47 [INFO] Dato persistido correctamente: 4b05b875-e4c6-4aab-b33d-05a154aaf0da
2026-04-28 18:19:47 [INFO] Registro guardado correctamente en data/registros.json
2026-04-28 18:19:47 [INFO] Dato persistido correctamente: e5d1a81b-a447-404d-a457-63d282231840
2026-04-28 18:19:47 [ERROR] Error al guardar: 'list' object has no attribute 'get'
2026-04-28 18:19:47 [INFO] Registro guardado correctamente en data/registros.json
2026-04-28 18:19:47 [ERROR] Error al guardar en repositorio: 'list' object has no attribute 'get'
2026-04-28 18:19:47 [INFO] Dato persistido correctamente: 5b10e967-4724-4ff2-948c-8d8b0b163e54
2026-04-28 18:19:47 [INFO] Registro guardado correctamente en data/registros.json
2026-04-28 18:19:47 [INFO] Dato persistido correctamente: 52427c32-3175-41e0-b400-d715caf097b7
2026-04-28 18:19:48 [INFO] Registro guardado correctamente en data/registros.json
2026-04-28 18:19:48 [INFO] Registro guardado correctamente en data/registros.json
2026-04-28 18:19:48 [INFO] Dato persistido correctamente: 8602fee8-6a70-46d9-8f46-4015bb4c31f0
2026-04-28 18:19:48 [INFO] Dato persistido correctamente: c4f12143-152f-4bbb-96b7-b6b50e992ced
2026-04-28 18:19:48 [INFO] Ubicacion establecida mediante GPS: 40.4167, -3.7033
2026-04-28 18:19:48 [INFO] Registro guardado correctamente en data/registros.json
2026-04-28 18:19:48 [INFO] Dato persistido correctamente: ffbee02b-82b5-4752-a890-b00f62b71ee2
2026-04-28 18:19:49 [INFO] Registro guardado correctamente en data/registros.json
2026-04-28 18:19:49 [INFO] Dato persistido correctamente: 8b6cb3fd-ac5f-46bb-949d-94379b6f8e31
2026-04-28 18:19:54 [INFO] Ubicacion establecida mediante GPS: 40.4167, -3.7033
2026-04-28 18:19:55 [INFO] Registro guardado correctamente en data/registros.json
2026-04-28 18:19:55 [INFO] Dato persistido correctamente: d5bfb11d-55d9-40a5-8271-0982ae879066
2026-04-28 18:19:55 [INFO] Ubicacion establecida mediante GPS: 40.4167, -3.7033
2026-04-28 18:19:57 [INFO] Registro guardado correctamente en data/registros.json
2026-04-28 18:19:57 [INFO] Dato persistido correctamente: 32e3c302-508e-43cb-a472-29cccc2c4665
2026-04-28 18:19:59 [INFO] Ubicacion establecida mediante GPS: 40.4167, -3.7033
2026-04-28 18:20:01 [INFO] Registro guardado correctamente en data/registros.json
2026-04-28 18:20:01 [INFO] Dato persistido correctamente: 2b74e237-679c-498e-8106-2e05f7ced81f
2026-04-28 18:20:01 [INFO] Ubicacion establecida mediante GPS: 40.4167, -3.7033
2026-04-28 18:20:02 [INFO] Registro guardado correctamente en data/registros.json
2026-04-28 18:20:02 [INFO] Dato persistido correctamente: ee00de52-fbc9-4396-9300-742893cd3f76
2026-04-28 18:20:02 [INFO] Ubicacion establecida mediante GPS: 40.4167, -3.7033
2026-04-28 18:20:03 [INFO] Registro guardado correctamente en data/registros.json
2026-04-28 18:20:03 [INFO] Dato persistido correctamente: f5499274-a0dd-48b4-b424-2cd4e53551cb
2026-04-28 18:20:03 [INFO] Ubicacion establecida mediante GPS: 40.4167, -3.7033
2026-04-28 18:20:04 [INFO] Registro guardado correctamente en data/registros.json
2026-04-28 18:20:04 [INFO] Dato persistido correctamente: 7af0949f-5d7c-4cc2-992d-de3cc780ad0e
2026-04-28 18:23:36 [INFO] Ubicacion establecida mediante GPS: 40.4167, -3.7033
2026-04-28 18:23:37 [INFO] Registro guardado correctamente en data/registros.json
2026-04-28 18:23:37 [INFO] Dato persistido correctamente: a09fcf61-4c04-49ed-aa5b-8ce966dc2a3f
2026-04-28 18:26:11 [INFO] Ubicacion establecida mediante GPS: 40.4167, -3.7033
2026-04-28 18:26:12 [INFO] Registro guardado correctamente en data/registros.json
2026-04-28 18:26:12 [INFO] Dato persistido correctamente: c3ad2596-7c70-4c58-b7c1-ccd2cf735f9b
2026-04-28 18:28:01 [INFO] Ubicacion establecida mediante GPS: 40.4167, -3.7033
2026-04-28 18:28:02 [INFO] Registro guardado correctamente en data/registros.json
2026-04-28 18:28:02 [INFO] Dato persistido correctamente: b2e54aed-1cd7-4029-bc0d-681679611c36
2026-04-28 18:28:02 [INFO] Ubicacion establecida mediante GPS: 40.4167, -3.7033
2026-04-28 18:28:04 [INFO] Registro guardado correctamente en data/registros.json
2026-04-28 18:28:04 [INFO] Dato persistido correctamente: 87fc37b3-b0e6-472d-aa2d-9f3b09b5cc90
2026-04-28 18:28:04 [INFO] Ubicacion establecida mediante GPS: 40.4167, -3.7033
2026-04-28 18:28:05 [INFO] Registro guardado correctamente en data/registros.json
2026-04-28 18:28:05 [INFO] Dato persistido correctamente: e9541686-0e15-4c2e-bf7f-7c2fd77f4da7
2026-04-29 11:12:15 [INFO] Ubicacion establecida mediante GPS: 40.4167, -3.7033
2026-04-29 11:12:16 [ERROR] Error critico en el endpoint /api/clima: 'bool' object is not subscriptable
2026-04-29 11:12:16 [INFO] Ubicacion establecida mediante GPS: 40.4167, -3.7033
2026-04-29 11:12:17 [ERROR] Error critico en el endpoint /api/clima: 'bool' object is not subscriptable
2026-04-29 11:12:17 [INFO] Ubicacion establecida mediante GPS: 40.4167, -3.7033
2026-04-29 11:12:18 [ERROR] Error critico en el endpoint /api/clima: 'bool' object is not subscriptable
2026-04-29 11:15:33 [INFO] Ubicacion establecida mediante GPS: 40.4167, -3.7033
2026-04-29 11:15:34 [INFO] Ubicacion establecida mediante GPS: 40.4167, -3.7033
2026-04-29 11:15:34 [INFO] Ubicacion establecida mediante GPS: 40.4167, -3.7033
2026-04-29 11:15:34 [INFO] Ubicacion establecida mediante GPS: 40.4167, -3.7033
2026-04-29 11:15:34 [INFO] Ubicacion establecida mediante GPS: 40.4167, -3.7033
2026-04-29 11:15:34 [INFO] Ubicacion establecida mediante GPS: 40.4167, -3.7033
2026-04-29 11:15:34 [INFO] Ubicacion establecida mediante GPS: 40.4167, -3.7033
2026-04-29 11:15:34 [INFO] Ubicacion establecida mediante GPS: 40.4167, -3.7033
2026-04-29 11:15:34 [INFO] Ubicacion establecida mediante GPS: 40.4167, -3.7033
2026-04-29 11:15:34 [INFO] Ubicacion establecida mediante GPS: 40.4167, -3.7033
2026-04-29 11:15:34 [INFO] Ubicacion establecida mediante GPS: 40.4167, -3.7033
2026-04-29 11:15:35 [ERROR] Error critico en el endpoint /api/clima: 'bool' object is not subscriptable
2026-04-29 11:15:35 [ERROR] Error critico en el endpoint /api/clima: 'bool' object is not subscriptable
2026-04-29 11:15:35 [ERROR] Error critico en el endpoint /api/clima: 'bool' object is not subscriptable
2026-04-29 11:15:35 [ERROR] Error critico en el endpoint /api/clima: 'bool' object is not subscriptable
2026-04-29 11:15:35 [ERROR] Error critico en el endpoint /api/clima: 'bool' object is not subscriptable
2026-04-29 11:15:36 [ERROR] Error critico en el endpoint /api/clima: 'bool' object is not subscriptable
2026-04-29 11:15:36 [ERROR] Error critico en el endpoint /api/clima: 'bool' object is not subscriptable
2026-04-29 11:15:36 [ERROR] Error critico en el endpoint /api/clima: 'bool' object is not subscriptable
2026-04-29 11:15:36 [INFO] Ubicacion establecida mediante GPS: 40.4167, -3.7033
2026-04-29 11:15:36 [ERROR] Error critico en el endpoint /api/clima: 'bool' object is not subscriptable
2026-04-29 11:15:36 [ERROR] Error critico en el endpoint /api/clima: 'bool' object is not subscriptable
2026-04-29 11:15:36 [ERROR] Error critico en el endpoint /api/clima: 'bool' object is not subscriptable
2026-04-29 11:15:37 [ERROR] Error critico en el endpoint /api/clima: 'bool' object is not subscriptable
2026-04-29 11:16:49 [ERROR] No hay registro manual para el municipio 'Madrid'.
2026-04-29 11:16:49 [ERROR] No hay registro manual para el municipio 'Madrid'.
2026-04-29 11:16:49 [ERROR] No hay registro manual para el municipio 'Madrid'.
2026-04-29 11:32:15 [ERROR] No hay registro manual para el municipio 'Madrid'.
2026-04-29 11:32:15 [ERROR] No hay registro manual para el municipio 'Madrid'.
2026-04-29 11:32:15 [ERROR] No hay registro manual para el municipio 'Madrid'.
2026-04-29 11:32:29 [ERROR] No hay registro manual para el municipio 'Madrid'.
2026-04-29 11:32:29 [ERROR] No hay registro manual para el municipio 'Madrid'.
2026-04-29 11:32:30 [ERROR] No hay registro manual para el municipio 'Madrid'.
2026-04-29 11:32:30 [ERROR] No hay registro manual para el municipio 'Madrid'.
2026-04-29 11:32:30 [ERROR] No hay registro manual para el municipio 'Madrid'.
2026-04-29 11:32:30 [ERROR] No hay registro manual para el municipio 'Madrid'.
2026-04-29 11:32:30 [ERROR] No hay registro manual para el municipio 'Madrid'.
2026-04-29 11:32:30 [ERROR] No hay registro manual para el municipio 'Madrid'.
2026-04-29 11:32:30 [ERROR] No hay registro manual para el municipio 'Madrid'.
2026-04-29 11:32:30 [ERROR] No hay registro manual para el municipio 'Madrid'.
2026-04-29 11:32:31 [ERROR] No hay registro manual para el municipio 'Madrid'.
2026-04-29 11:32:31 [ERROR] No hay registro manual para el municipio 'Madrid'.
2026-04-29 11:37:19 [ERROR] No hay registro manual para el municipio 'Madrid'.
2026-04-29 11:37:19 [ERROR] No hay registro manual para el municipio 'Madrid'.
2026-04-29 11:37:19 [ERROR] No hay registro manual para el municipio 'Madrid'.
2026-04-29 11:37:28 [ERROR] No hay registro manual para el municipio 'Madrid'.
2026-04-29 11:37:28 [ERROR] No hay registro manual para el municipio 'Madrid'.
2026-04-29 11:37:29 [ERROR] No hay registro manual para el municipio 'Madrid'.
2026-04-29 11:37:29 [ERROR] No hay registro manual para el municipio 'Madrid'.
2026-04-29 11:37:29 [ERROR] No hay registro manual para el municipio 'Madrid'.
2026-04-29 11:37:29 [ERROR] No hay registro manual para el municipio 'Madrid'.
2026-04-29 11:37:29 [ERROR] No hay registro manual para el municipio 'Madrid'.
2026-04-29 11:37:29 [ERROR] No hay registro manual para el municipio 'Madrid'.
2026-04-29 11:37:29 [ERROR] No hay registro manual para el municipio 'Madrid'.
2026-04-29 11:37:29 [ERROR] No hay registro manual para el municipio 'Madrid'.
2026-04-29 11:37:29 [ERROR] No hay registro manual para el municipio 'Madrid'.
2026-04-29 11:37:29 [ERROR] No hay registro manual para el municipio 'Madrid'.
2026-04-29 11:37:30 [ERROR] No hay registro manual para el municipio 'Madrid'.
2026-04-29 11:37:30 [ERROR] No hay registro manual para el municipio 'Madrid'.
2026-04-29 11:37:56 [ERROR] No hay registro manual para el municipio 'alcala'.
2026-04-29 11:38:03 [ERROR] No hay registro manual para el municipio 'alcala de henares'.
2026-04-29 11:38:09 [ERROR] No hay registro manual para el municipio 'Madrid'.
2026-04-29 12:00:57 [ERROR] No hay registro manual para el municipio 'MADRID'.
2026-04-29 12:00:57 [ERROR] No hay registro manual para el municipio 'MADRID'.
2026-04-29 12:00:57 [ERROR] No hay registro manual para el municipio 'MADRID'.
2026-04-29 12:01:02 [ERROR] No hay registro manual para el municipio 'MADRID'.
2026-04-29 12:01:02 [ERROR] No hay registro manual para el municipio 'MADRID'.
2026-04-29 12:01:03 [ERROR] No hay registro manual para el municipio 'MADRID'.
2026-04-29 12:01:03 [ERROR] No hay registro manual para el municipio 'MADRID'.
2026-04-29 12:01:03 [ERROR] No hay registro manual para el municipio 'MADRID'.
2026-04-29 12:01:03 [ERROR] No hay registro manual para el municipio 'MADRID'.
2026-04-29 12:01:03 [ERROR] No hay registro manual para el municipio 'MADRID'.
2026-04-29 12:01:03 [ERROR] No hay registro manual para el municipio 'MADRID'.
2026-04-29 12:07:24 [ERROR] No hay registro manual para el municipio 'MADRID'.
2026-04-29 12:07:24 [ERROR] No hay registro manual para el municipio 'MADRID'.
2026-04-29 12:07:40 [ERROR] No hay registro manual para el municipio 'MADRID'.
2026-04-29 12:07:40 [ERROR] No hay registro manual para el municipio 'MADRID'.
2026-04-29 12:07:40 [ERROR] No hay registro manual para el municipio 'MADRID'.
2026-04-29 12:07:40 [ERROR] No hay registro manual para el municipio 'MADRID'.
2026-04-29 12:07:41 [ERROR] No hay registro manual para el municipio 'MADRID'.
2026-04-29 12:07:41 [ERROR] No hay registro manual para el municipio 'MADRID'.
2026-04-29 12:07:41 [ERROR] No hay registro manual para el municipio 'MADRID'.
2026-04-29 12:07:41 [ERROR] No hay registro manual para el municipio 'MADRID'.
2026-04-29 12:07:41 [ERROR] No hay registro manual para el municipio 'MADRID'.
2026-04-29 12:07:41 [ERROR] No hay registro manual para el municipio 'MADRID'.
2026-04-29 12:07:41 [ERROR] No hay registro manual para el municipio 'MADRID'.
2026-04-29 12:07:41 [ERROR] No hay registro manual para el municipio 'MADRID'.
2026-04-29 12:07:41 [ERROR] No hay registro manual para el municipio 'MADRID'.
2026-04-29 12:07:41 [ERROR] No hay registro manual para el municipio 'MADRID'.
2026-04-29 12:07:42 [ERROR] No hay registro manual para el municipio 'MADRID'.
2026-04-29 12:07:42 [ERROR] No hay registro manual para el municipio 'MADRID'.
2026-04-29 12:07:42 [ERROR] No hay registro manual para el municipio 'MADRID'.
2026-04-29 12:07:42 [ERROR] No hay registro manual para el municipio 'MADRID'.
2026-04-29 12:07:42 [ERROR] No hay registro manual para el municipio 'MADRID'.
2026-04-29 12:07:42 [ERROR] No hay registro manual para el municipio 'MADRID'.
2026-04-29 12:39:34 [ERROR] No hay registro manual para el municipio 'MADRID'.
2026-04-29 12:39:34 [ERROR] No hay registro manual para el municipio 'MADRID'.
2026-04-29 12:39:34 [ERROR] No hay registro manual para el municipio 'MADRID'.
2026-04-29 12:39:42 [ERROR] No hay registro manual para el municipio 'MADRID'.
2026-04-29 12:39:42 [ERROR] No hay registro manual para el municipio 'MADRID'.
2026-04-29 12:39:42 [ERROR] No hay registro manual para el municipio 'MADRID'.
2026-04-29 12:39:43 [ERROR] No hay registro manual para el municipio 'MADRID'.
2026-04-29 12:39:43 [ERROR] No hay registro manual para el municipio 'MADRID'.
2026-04-29 12:39:43 [ERROR] No hay registro manual para el municipio 'MADRID'.
2026-04-29 12:39:44 [ERROR] No hay registro manual para el municipio 'MADRID'.
2026-04-29 12:39:44 [ERROR] No hay registro manual para el municipio 'MADRID'.
2026-04-29 12:39:44 [ERROR] No hay registro manual para el municipio 'MADRID'.
2026-04-29 12:39:44 [ERROR] No hay registro manual para el municipio 'MADRID'.
2026-04-29 12:39:44 [ERROR] No hay registro manual para el municipio 'MADRID'.
2026-04-29 12:39:44 [ERROR] No hay registro manual para el municipio 'MADRID'.
2026-04-29 12:39:44 [ERROR] No hay registro manual para el municipio 'MADRID'.
2026-04-29 12:39:44 [ERROR] No hay registro manual para el municipio 'MADRID'.
2026-04-29 12:39:44 [ERROR] No hay registro manual para el municipio 'MADRID'.
2026-04-29 12:39:44 [ERROR] No hay registro manual para el municipio 'MADRID'.
2026-04-29 12:39:44 [ERROR] No hay registro manual para el municipio 'MADRID'.
2026-04-29 12:39:44 [ERROR] No hay registro manual para el municipio 'MADRID'.
2026-04-29 12:39:44 [ERROR] No hay registro manual para el municipio 'MADRID'.
2026-04-29 12:39:44 [ERROR] No hay registro manual para el municipio 'MADRID'.
2026-04-29 12:39:44 [ERROR] No hay registro manual para el municipio 'MADRID'.
2026-04-29 12:39:45 [ERROR] No hay registro manual para el municipio 'MADRID'.
2026-04-29 12:39:45 [ERROR] No hay registro manual para el municipio 'MADRID'.
2026-04-29 12:39:45 [ERROR] No hay registro manual para el municipio 'MADRID'.
2026-04-29 12:39:45 [ERROR] No hay registro manual para el municipio 'MADRID'.
2026-04-29 12:39:45 [ERROR] No hay registro manual para el municipio 'MADRID'.
2026-04-29 12:39:45 [ERROR] No hay registro manual para el municipio 'MADRID'.
2026-04-29 12:39:45 [ERROR] No hay registro manual para el municipio 'MADRID'.
2026-04-29 12:39:45 [ERROR] No hay registro manual para el municipio 'MADRID'.
2026-04-29 12:39:45 [ERROR] No hay registro manual para el municipio 'MADRID'.
2026-04-29 12:39:45 [ERROR] No hay registro manual para el municipio 'MADRID'.
2026-04-29 12:39:45 [ERROR] No hay registro manual para el municipio 'MADRID'.
2026-04-29 12:39:45 [ERROR] No hay registro manual para el municipio 'MADRID'.
2026-04-29 12:39:45 [ERROR] No hay registro manual para el municipio 'MADRID'.
2026-04-29 12:39:45 [ERROR] No hay registro manual para el municipio 'MADRID'.
2026-04-29 12:39:45 [ERROR] No hay registro manual para el municipio 'MADRID'.
2026-04-29 12:39:45 [ERROR] No hay registro manual para el municipio 'MADRID'.
2026-04-29 12:39:45 [ERROR] No hay registro manual para el municipio 'MADRID'.
2026-04-29 12:39:45 [ERROR] No hay registro manual para el municipio 'MADRID'.
2026-04-29 12:39:45 [ERROR] No hay registro manual para el municipio 'MADRID'.
2026-04-29 12:39:46 [ERROR] No hay registro manual para el municipio 'MADRID'.
2026-04-29 12:39:46 [ERROR] No hay registro manual para el municipio 'MADRID'.
2026-04-29 12:41:55 [ERROR] No hay registro manual para el municipio 'MADRID'.
2026-04-29 12:41:55 [ERROR] No hay registro manual para el municipio 'MADRID'.
2026-04-29 12:41:57 [ERROR] No hay registro manual para el municipio 'MADRID'.
2026-04-29 12:41:57 [ERROR] No hay registro manual para el municipio 'MADRID'.
2026-04-29 12:41:57 [ERROR] No hay registro manual para el municipio 'MADRID'.
2026-04-29 12:41:57 [ERROR] No hay registro manual para el municipio 'MADRID'.
2026-04-29 12:41:57 [ERROR] No hay registro manual para el municipio 'MADRID'.
2026-04-29 12:41:57 [ERROR] No hay registro manual para el municipio 'MADRID'.
2026-04-29 12:44:29 [ERROR] No hay registro manual para el municipio 'MADRID'.
2026-04-29 12:44:29 [ERROR] No hay registro manual para el municipio 'MADRID'.
2026-04-29 12:44:29 [ERROR] No hay registro manual para el municipio 'MADRID'.
2026-04-29 12:44:30 [ERROR] No hay registro manual para el municipio 'MADRID'.
2026-04-29 12:44:30 [ERROR] No hay registro manual para el municipio 'MADRID'.
2026-04-29 12:44:31 [ERROR] No hay registro manual para el municipio 'MADRID'.
2026-04-29 12:44:31 [ERROR] No hay registro manual para el municipio 'MADRID'.
2026-04-29 12:44:31 [ERROR] No hay registro manual para el municipio 'MADRID'.
2026-04-29 12:44:31 [ERROR] No hay registro manual para el municipio 'MADRID'.
2026-04-29 12:44:31 [ERROR] No hay registro manual para el municipio 'MADRID'.
2026-04-29 12:44:31 [ERROR] No hay registro manual para el municipio 'MADRID'.
2026-04-29 12:45:35 [ERROR] No hay registro manual para el municipio 'MADRID'.
2026-04-29 12:45:35 [ERROR] No hay registro manual para el municipio 'MADRID'.
2026-04-29 12:45:48 [ERROR] No hay registro manual para el municipio 'MADRID'.
2026-04-29 12:45:48 [ERROR] No hay registro manual para el municipio 'MADRID'.
2026-04-29 12:45:49 [ERROR] No hay registro manual para el municipio 'MADRID'.
2026-04-29 12:45:49 [ERROR] No hay registro manual para el municipio 'MADRID'.
2026-04-29 12:45:49 [ERROR] No hay registro manual para el municipio 'MADRID'.
2026-04-29 12:45:49 [ERROR] No hay registro manual para el municipio 'MADRID'.
2026-04-29 15:57:31 [ERROR] No hay registro manual para el municipio 'MADRID'.
2026-04-29 16:00:29 [ERROR] No hay registro manual para el municipio 'MADRID'.
2026-04-29 16:01:44 [ERROR] No hay registro manual para el municipio 'MADRID'.
2026-04-29 16:01:58 [ERROR] No hay registro manual para el municipio 'ALCALA'.
2026-04-29 16:06:21 [ERROR] No hay registro manual para el municipio 'MADRID'.
2026-04-29 16:06:23 [ERROR] No hay registro manual para el municipio 'MADRID'.
2026-04-29 16:06:24 [ERROR] No hay registro manual para el municipio 'MADRID'.
2026-04-29 16:06:25 [ERROR] No hay registro manual para el municipio 'MADRID'.
2026-04-29 16:06:25 [ERROR] No hay registro manual para el municipio 'MADRID'.
2026-05-08 10:35:17 [INFO] Comparativa realizada correctamente para el municipio 'Madrid'.
2026-05-08 10:35:17 [ERROR] No hay registro manual para el municipio 'Madrid'.
2026-05-08 10:35:17 [ERROR] No hay registro de API para el municipio 'Madrid'.
2026-05-08 10:35:18 [ERROR] Error en normalizacion de datos: error forzado
2026-05-08 10:35:18 [ERROR] Error en normalizacion de datos: could not convert string to float: 'Ip'
2026-05-08 10:36:53 [ERROR] Error en normalizacion de datos: error forzado
2026-05-08 10:59:35 [INFO] Ubicación por GPS: 40.4167, -3.7033
2026-05-08 10:59:35 [INFO] Ubicación resuelta: madrid
2026-05-08 10:59:35 [INFO] Ubicación resuelta: barcelona
2026-05-08 10:59:35 [WARNING] Ciudad no encontrada: CiudadInexistente
2026-05-08 10:59:35 [INFO] Fallback: Madrid
2026-05-08 10:59:35 [INFO] Fallback: Madrid
2026-05-08 10:59:52 [INFO] Ubicación por GPS: 40.4167, -3.7033
2026-05-08 10:59:52 [INFO] Ubicación resuelta: madrid
2026-05-08 10:59:52 [INFO] Ubicación resuelta: barcelona
2026-05-08 10:59:52 [WARNING] Ciudad no encontrada: CiudadInexistente
2026-05-08 10:59:52 [INFO] Fallback: Madrid
2026-05-08 10:59:52 [INFO] Fallback: Madrid
